Using pre-set license
Built from '2020.3/staging' branch; Version is '2020.3.10f1 (297d780c91bc) revision 2719096'; Using compiler version '192528614'; Build Type 'Release'
OS: 'Windows 10 Pro; OS build 19042.1052; Version 2009; 64bit' Language: 'es' Physical Memory: 16314 MB
BatchMode: 1, IsHumanControllingUs: 0, StartBugReporterOnCrash: 0, Is64bit: 1, IsPro: 0

 COMMAND LINE ARGUMENTS:
C:\Program Files\Unity\Hub\Editor\2020.3.10f1\Editor\Unity.exe
-adb2
-batchMode
-noUpm
-name
AssetImportWorker0
-projectPath
C:/Users/victo/Desktop/roll_a_ball/Roll-a-ball
-logFile
Logs/AssetImportWorker0.log
-srvPort
57037
Successfully changed project path to: C:/Users/victo/Desktop/roll_a_ball/Roll-a-ball
C:/Users/victo/Desktop/roll_a_ball/Roll-a-ball
Using Asset Import Pipeline V2.
Refreshing native plugins compatible for Editor in 57.52 ms, found 2 plugins.
Preloading 0 native plugins for Editor in 0.00 ms.
Initialize engine version: 2020.3.10f1 (297d780c91bc)
[Subsystems] Discovering subsystems at path C:/Program Files/Unity/Hub/Editor/2020.3.10f1/Editor/Data/Resources/UnitySubsystems
[Subsystems] Discovering subsystems at path C:/Users/victo/Desktop/roll_a_ball/Roll-a-ball/Assets
GfxDevice: creating device client; threaded=0
Direct3D:
    Version:  Direct3D 11.0 [level 11.1]
    Renderer: Intel(R) HD Graphics Family (ID=0xa16)
    Vendor:   
    VRAM:     2048 MB
    Driver:   20.19.15.5166
Initialize mono
Mono path[0] = 'C:/Program Files/Unity/Hub/Editor/2020.3.10f1/Editor/Data/Managed'
Mono path[1] = 'C:/Program Files/Unity/Hub/Editor/2020.3.10f1/Editor/Data/MonoBleedingEdge/lib/mono/unityjit'
Mono config path = 'C:/Program Files/Unity/Hub/Editor/2020.3.10f1/Editor/Data/MonoBleedingEdge/etc'
Using monoOptions --debugger-agent=transport=dt_socket,embedding=1,server=y,suspend=n,address=127.0.0.1:56736
Begin MonoManager ReloadAssembly
Registering precompiled unity dll's ...
Register platform support module: C:/Program Files/Unity/Hub/Editor/2020.3.10f1/Editor/Data/PlaybackEngines/WebGLSupport/UnityEditor.WebGL.Extensions.dll
Register platform support module: C:/Program Files/Unity/Hub/Editor/2020.3.10f1/Editor/Data/PlaybackEngines/WindowsStandaloneSupport/UnityEditor.WindowsStandalone.Extensions.dll
Registered in 0.003965 seconds.
Native extension for WindowsStandalone target not found
Native extension for WebGL target not found
Refreshing native plugins compatible for Editor in 51.01 ms, found 2 plugins.
Preloading 0 native plugins for Editor in 0.00 ms.
Mono: successfully reloaded assembly
- Completed reload, in  2.148 seconds
Platform modules already initialized, skipping
Registering precompiled user dll's ...
Registered in 0.007595 seconds.
Begin MonoManager ReloadAssembly
Native extension for WindowsStandalone target not found
Native extension for WebGL target not found
Refreshing native plugins compatible for Editor in 0.56 ms, found 2 plugins.
Preloading 0 native plugins for Editor in 0.00 ms.
Mono: successfully reloaded assembly
- Completed reload, in  1.984 seconds
Platform modules already initialized, skipping
========================================================================
Worker process is ready to serve import requests
Launched and connected shader compiler UnityShaderCompiler.exe after 0.09 seconds
Refreshing native plugins compatible for Editor in 0.87 ms, found 2 plugins.
Preloading 0 native plugins for Editor in 0.00 ms.
Unloading 1389 Unused Serialized files (Serialized files now loaded: 0)
System memory in use before: 64.8 MB.
System memory in use after: 64.8 MB.

Unloading 19 unused Assets to reduce memory usage. Loaded Objects now: 1823.
Total: 3.494900 ms (FindLiveObjects: 0.279400 ms CreateObjectMapping: 0.155800 ms MarkObjects: 2.921900 ms  DeleteObjects: 0.135800 ms)

========================================================================
Received Import Request.
  path: Assets/LiquidFire Package 4 - BSH games
  artifactKey: Guid(10d4c4f109c17f04fba53ed3b7184391) Importer(815301076,1909f56bfc062723c751e8b465ee728b)
Start importing Assets/LiquidFire Package 4 - BSH games using Guid(10d4c4f109c17f04fba53ed3b7184391) Importer(815301076,1909f56bfc062723c751e8b465ee728b)  -> (artifact id: '36ccb41fbe230f035be2780fb1443b11') in 0.025463 seconds
  Import took 0.029663 seconds .

========================================================================
Received Import Request.
  Time since last request: 297.021557 seconds.
  path: Assets/materiales/Fondo.mat
  artifactKey: Guid(9a5e6eb77b5de3844bbb7ecad2f4289b) Importer(815301076,1909f56bfc062723c751e8b465ee728b)
Start importing Assets/materiales/Fondo.mat using Guid(9a5e6eb77b5de3844bbb7ecad2f4289b) Importer(815301076,1909f56bfc062723c751e8b465ee728b)  -> (artifact id: '55717d2667f6b8ad24b737ad55300ca1') in 0.223577 seconds
  Import took 0.230822 seconds .

========================================================================
Received Import Request.
  Time since last request: 0.000417 seconds.
  path: Assets/materiales/New Material.mat
  artifactKey: Guid(0c1e99d30cf6f984195b1e8e341c1de7) Importer(815301076,1909f56bfc062723c751e8b465ee728b)
Start importing Assets/materiales/New Material.mat using Guid(0c1e99d30cf6f984195b1e8e341c1de7) Importer(815301076,1909f56bfc062723c751e8b465ee728b)  -> (artifact id: '5df7db007fa3b472f6c6473a2721df1c') in 0.062800 seconds
  Import took 0.067590 seconds .

========================================================================
Received Import Request.
  Time since last request: 10.632793 seconds.
  path: Assets/LiquidFire Package 4 - BSH games/Devtoid - Gold Coins
  artifactKey: Guid(3d6985c0f7af57146b8b65e690a98992) Importer(815301076,1909f56bfc062723c751e8b465ee728b)
Start importing Assets/LiquidFire Package 4 - BSH games/Devtoid - Gold Coins using Guid(3d6985c0f7af57146b8b65e690a98992) Importer(815301076,1909f56bfc062723c751e8b465ee728b)  -> (artifact id: 'f2994a73745fb46aee82da58106ea933') in 0.021669 seconds
  Import took 0.026808 seconds .

========================================================================
Received Import Request.
  Time since last request: 4.808214 seconds.
  path: Assets/LiquidFire Package 4 - BSH games/Devtoid - Gold Coins/3D Assets
  artifactKey: Guid(f440d3ea3c5057b42a019bccdb3229dd) Importer(815301076,1909f56bfc062723c751e8b465ee728b)
Start importing Assets/LiquidFire Package 4 - BSH games/Devtoid - Gold Coins/3D Assets using Guid(f440d3ea3c5057b42a019bccdb3229dd) Importer(815301076,1909f56bfc062723c751e8b465ee728b)  -> (artifact id: '9a59f22a1d999aa9a3fc410a91340f9a') in 0.022076 seconds
  Import took 0.027843 seconds .

========================================================================
Received Import Request.
  Time since last request: 0.060408 seconds.
  path: Assets/LiquidFire Package 4 - BSH games/Devtoid - Gold Coins/3D Assets/Cold, Silver, Copper Coins.prefab
  artifactKey: Guid(d65c5544ceb166e42ba2c0035400520e) Importer(815301076,1909f56bfc062723c751e8b465ee728b)
Start importing Assets/LiquidFire Package 4 - BSH games/Devtoid - Gold Coins/3D Assets/Cold, Silver, Copper Coins.prefab using Guid(d65c5544ceb166e42ba2c0035400520e) Importer(815301076,1909f56bfc062723c751e8b465ee728b)  -> (artifact id: '478ddc940f953cd03f284b26ac5c7b78') in 0.619721 seconds
  Import took 0.624960 seconds .

========================================================================
Received Import Request.
  Time since last request: 1.892273 seconds.
  path: Assets/LiquidFire Package 4 - BSH games/Devtoid - Gold Coins/3D Assets/Copper Coin - Single
  artifactKey: Guid(e2f407958f973a94399a64a437e69909) Importer(815301076,1909f56bfc062723c751e8b465ee728b)
Start importing Assets/LiquidFire Package 4 - BSH games/Devtoid - Gold Coins/3D Assets/Copper Coin - Single using Guid(e2f407958f973a94399a64a437e69909) Importer(815301076,1909f56bfc062723c751e8b465ee728b)  -> (artifact id: 'eb2fd352f7210d8c03e2c83e3afe2ce8') in 0.018263 seconds
  Import took 0.023921 seconds .

========================================================================
Received Import Request.
  Time since last request: 2.430348 seconds.
  path: Assets/LiquidFire Package 4 - BSH games/Devtoid - Gold Coins/3D Assets/Copper Coin - Single/Prefab
  artifactKey: Guid(1df7c950f62ecce48822ba1a3720bb32) Importer(815301076,1909f56bfc062723c751e8b465ee728b)
Start importing Assets/LiquidFire Package 4 - BSH games/Devtoid - Gold Coins/3D Assets/Copper Coin - Single/Prefab using Guid(1df7c950f62ecce48822ba1a3720bb32) Importer(815301076,1909f56bfc062723c751e8b465ee728b)  -> (artifact id: '5efe2c78c9ee3ba9724f19e8a626955f') in 0.017402 seconds
  Import took 0.022961 seconds .

========================================================================
Received Import Request.
  Time since last request: 0.298213 seconds.
  path: Assets/LiquidFire Package 4 - BSH games/Devtoid - Gold Coins/3D Assets/Copper Coin - Single/Prefab/SilverCoin.prefab
  artifactKey: Guid(6cf803f17924190419a094e8c931bfef) Importer(815301076,1909f56bfc062723c751e8b465ee728b)
Start importing Assets/LiquidFire Package 4 - BSH games/Devtoid - Gold Coins/3D Assets/Copper Coin - Single/Prefab/SilverCoin.prefab using Guid(6cf803f17924190419a094e8c931bfef) Importer(815301076,1909f56bfc062723c751e8b465ee728b)  -> (artifact id: '600ad9754c9156d351b4a56e992220fe') in 0.035867 seconds
  Import took 0.055280 seconds .

========================================================================
Received Import Request.
  Time since last request: 12.939260 seconds.
  path: Assets/LiquidFire Package 4 - BSH games/Devtoid - Gold Coins/3D Assets/Copper Coin - Single/Mesh/Materials/goldCoin_Diffuse.mat
  artifactKey: Guid(48304a48326f98d4cbcdd080292d5b5f) Importer(815301076,1909f56bfc062723c751e8b465ee728b)
Start importing Assets/LiquidFire Package 4 - BSH games/Devtoid - Gold Coins/3D Assets/Copper Coin - Single/Mesh/Materials/goldCoin_Diffuse.mat using Guid(48304a48326f98d4cbcdd080292d5b5f) Importer(815301076,1909f56bfc062723c751e8b465ee728b)  -> (artifact id: '383965d5e2748d1adc6313d8008eaf76') in 0.457679 seconds
  Import took 0.462191 seconds .

========================================================================
Received Import Request.
  Time since last request: 2.228577 seconds.
  path: Assets/LiquidFire Package 4 - BSH games/Devtoid - Gold Coins/3D Assets/Copper Coin - Single/Mesh/CopperCoin.fbx
  artifactKey: Guid(24071304340076549a2e49390b69cdec) Importer(815301076,1909f56bfc062723c751e8b465ee728b)
Start importing Assets/LiquidFire Package 4 - BSH games/Devtoid - Gold Coins/3D Assets/Copper Coin - Single/Mesh/CopperCoin.fbx using Guid(24071304340076549a2e49390b69cdec) Importer(815301076,1909f56bfc062723c751e8b465ee728b)  -> (artifact id: '668b0a2a902c861290d208571d184ae8') in 0.271785 seconds
  Import took 0.276084 seconds .

========================================================================
Received Import Request.
  Time since last request: 1.131840 seconds.
  path: Assets/LiquidFire Package 4 - BSH games/Devtoid - Gold Coins/3D Assets/Copper Coin - Single/Material/Copper Coin - Single.mat
  artifactKey: Guid(18b990ada69320241851d6392bb4e215) Importer(815301076,1909f56bfc062723c751e8b465ee728b)
Start importing Assets/LiquidFire Package 4 - BSH games/Devtoid - Gold Coins/3D Assets/Copper Coin - Single/Material/Copper Coin - Single.mat using Guid(18b990ada69320241851d6392bb4e215) Importer(815301076,1909f56bfc062723c751e8b465ee728b)  -> (artifact id: 'c2b1e3d925be978021c92935980b39a9') in 0.039783 seconds
  Import took 0.047170 seconds .

========================================================================
Received Import Request.
  Time since last request: 112.364771 seconds.
  path: Assets/LiquidFire Package 4 - BSH games/Devtoid - Gold Coins/3D Assets/Copper Coin - Single/Mesh/Materials
  artifactKey: Guid(db2118b457377f64ba0e8002984e825f) Importer(815301076,1909f56bfc062723c751e8b465ee728b)
Start importing Assets/LiquidFire Package 4 - BSH games/Devtoid - Gold Coins/3D Assets/Copper Coin - Single/Mesh/Materials using Guid(db2118b457377f64ba0e8002984e825f) Importer(815301076,1909f56bfc062723c751e8b465ee728b)  -> (artifact id: 'b736ecb3bb4a79e743df83e16710982c') in 0.018700 seconds
  Import took 0.023734 seconds .

========================================================================
Received Import Request.
  Time since last request: 10.022737 seconds.
  path: Assets/LiquidFire Package 4 - BSH games/Devtoid - Gold Coins/3D Assets/Gold Coin - Single/Materials/Gold Coin - Single.mat
  artifactKey: Guid(2108d8603f3bd8a4889e438479b3fd2d) Importer(815301076,1909f56bfc062723c751e8b465ee728b)
Start importing Assets/LiquidFire Package 4 - BSH games/Devtoid - Gold Coins/3D Assets/Gold Coin - Single/Materials/Gold Coin - Single.mat using Guid(2108d8603f3bd8a4889e438479b3fd2d) Importer(815301076,1909f56bfc062723c751e8b465ee728b)  -> (artifact id: '346be2a01e1b2bfbfbfd77e67df62735') in 0.038967 seconds
  Import took 0.043367 seconds .

========================================================================
Received Import Request.
  Time since last request: 1.321103 seconds.
  path: Assets/LiquidFire Package 4 - BSH games/Devtoid - Gold Coins/3D Assets/Gold Coin - Single/Mesh/GoldCoin.fbx
  artifactKey: Guid(5f9ee1799e7f21548ba0dd65ac83ea7f) Importer(815301076,1909f56bfc062723c751e8b465ee728b)
Start importing Assets/LiquidFire Package 4 - BSH games/Devtoid - Gold Coins/3D Assets/Gold Coin - Single/Mesh/GoldCoin.fbx using Guid(5f9ee1799e7f21548ba0dd65ac83ea7f) Importer(815301076,1909f56bfc062723c751e8b465ee728b)  -> (artifact id: '1dc0f098bb6cfa5b218e65408c21bc04') in 0.063941 seconds
  Import took 0.073486 seconds .

========================================================================
Received Import Request.
  Time since last request: 1.415876 seconds.
  path: Assets/LiquidFire Package 4 - BSH games/Devtoid - Gold Coins/3D Assets/Gold Coin - Single/Prefab/GoldCoin.prefab
  artifactKey: Guid(fa2c57d3f28a5e6419393e8bc3eeb32a) Importer(815301076,1909f56bfc062723c751e8b465ee728b)
Start importing Assets/LiquidFire Package 4 - BSH games/Devtoid - Gold Coins/3D Assets/Gold Coin - Single/Prefab/GoldCoin.prefab using Guid(fa2c57d3f28a5e6419393e8bc3eeb32a) Importer(815301076,1909f56bfc062723c751e8b465ee728b)  -> (artifact id: '26076e7daa8857f905edd2c3b7e99c68') in 0.027113 seconds
  Import took 0.032461 seconds .

========================================================================
Received Import Request.
  Time since last request: 10.862259 seconds.
  path: Assets/LiquidFire Package 4 - BSH games/Devtoid - Gold Coins/3D Assets/Gold Coin - Single/Mesh/Materials
  artifactKey: Guid(0a36048c5ea90c441a6a0c75300253e1) Importer(815301076,1909f56bfc062723c751e8b465ee728b)
Start importing Assets/LiquidFire Package 4 - BSH games/Devtoid - Gold Coins/3D Assets/Gold Coin - Single/Mesh/Materials using Guid(0a36048c5ea90c441a6a0c75300253e1) Importer(815301076,1909f56bfc062723c751e8b465ee728b)  -> (artifact id: '141f5672685b71396854242e3ae51d9c') in 0.006717 seconds
  Import took 0.012344 seconds .

========================================================================
Received Import Request.
  Time since last request: 0.001692 seconds.
  path: Assets/LiquidFire Package 4 - BSH games/Devtoid - Gold Coins/3D Assets/Gold Coin - Single/Mesh/Materials
  artifactKey: Guid(0a36048c5ea90c441a6a0c75300253e1) Importer(815301076,1909f56bfc062723c751e8b465ee728b)
Start importing Assets/LiquidFire Package 4 - BSH games/Devtoid - Gold Coins/3D Assets/Gold Coin - Single/Mesh/Materials using Guid(0a36048c5ea90c441a6a0c75300253e1) Importer(815301076,1909f56bfc062723c751e8b465ee728b)  -> (artifact id: '141f5672685b71396854242e3ae51d9c') in 0.005185 seconds
  Import took 0.011173 seconds .

========================================================================
Received Import Request.
  Time since last request: 0.062251 seconds.
  path: Assets/LiquidFire Package 4 - BSH games/Devtoid - Gold Coins/3D Assets/Gold Coin - Single/Mesh/Materials/goldCoin_Diffuse.mat
  artifactKey: Guid(535362b6b17529548b4b3e786eaa37a5) Importer(815301076,1909f56bfc062723c751e8b465ee728b)
Start importing Assets/LiquidFire Package 4 - BSH games/Devtoid - Gold Coins/3D Assets/Gold Coin - Single/Mesh/Materials/goldCoin_Diffuse.mat using Guid(535362b6b17529548b4b3e786eaa37a5) Importer(815301076,1909f56bfc062723c751e8b465ee728b)  -> (artifact id: 'd2931f925c24e80d9402a4c3b0395506') in 0.024657 seconds
  Import took 0.028972 seconds .

========================================================================
Received Import Request.
  Time since last request: 150.392468 seconds.
  path: Assets/LiquidFire Package 4 - BSH games/Devtoid - Gold Coins/3D Assets/Gold Coins/Materials/Gold Coins Mat.mat
  artifactKey: Guid(dc7738a8898ee45489cbc1ea02df257f) Importer(815301076,1909f56bfc062723c751e8b465ee728b)
Start importing Assets/LiquidFire Package 4 - BSH games/Devtoid - Gold Coins/3D Assets/Gold Coins/Materials/Gold Coins Mat.mat using Guid(dc7738a8898ee45489cbc1ea02df257f) Importer(815301076,1909f56bfc062723c751e8b465ee728b)  -> (artifact id: 'fb334c9924de652746c01019f689c20c') in 0.050682 seconds
  Import took 0.056237 seconds .

========================================================================
Received Import Request.
  Time since last request: 0.782153 seconds.
  path: Assets/LiquidFire Package 4 - BSH games/Devtoid - Gold Coins/3D Assets/Gold Coins/Mesh/GoldCoins.fbx
  artifactKey: Guid(83c43ff4797616741b9121073c7d1191) Importer(815301076,1909f56bfc062723c751e8b465ee728b)
Start importing Assets/LiquidFire Package 4 - BSH games/Devtoid - Gold Coins/3D Assets/Gold Coins/Mesh/GoldCoins.fbx using Guid(83c43ff4797616741b9121073c7d1191) Importer(815301076,1909f56bfc062723c751e8b465ee728b)  -> (artifact id: '4633078a26fe8a2a7356d54a5e3fd762') in 0.039670 seconds
  Import took 0.045576 seconds .

========================================================================
Received Import Request.
  Time since last request: 1.148632 seconds.
  path: Assets/LiquidFire Package 4 - BSH games/Devtoid - Gold Coins/3D Assets/Gold Coins/Prefab/GoldCoins.prefab
  artifactKey: Guid(01348926c7cbb3347a006c37204131c3) Importer(815301076,1909f56bfc062723c751e8b465ee728b)
Start importing Assets/LiquidFire Package 4 - BSH games/Devtoid - Gold Coins/3D Assets/Gold Coins/Prefab/GoldCoins.prefab using Guid(01348926c7cbb3347a006c37204131c3) Importer(815301076,1909f56bfc062723c751e8b465ee728b)  -> (artifact id: '9c267cc3c9ee5a90efb5b4c7ecadabf0') in 0.034309 seconds
  Import took 0.040480 seconds .

========================================================================
Received Import Request.
  Time since last request: 0.789323 seconds.
  path: Assets/LiquidFire Package 4 - BSH games/Devtoid - Gold Coins/3D Assets/Gold Coins/Textures/GoldCoins_AlbedoTransparency.png
  artifactKey: Guid(cf08aeb1da73b6142be2a02582dcf194) Importer(815301076,1909f56bfc062723c751e8b465ee728b)
Start importing Assets/LiquidFire Package 4 - BSH games/Devtoid - Gold Coins/3D Assets/Gold Coins/Textures/GoldCoins_AlbedoTransparency.png using Guid(cf08aeb1da73b6142be2a02582dcf194) Importer(815301076,1909f56bfc062723c751e8b465ee728b)  -> (artifact id: '620adaa87d7c394a8b70849569875a97') in 0.054330 seconds
  Import took 0.059794 seconds .

========================================================================
Received Import Request.
  Time since last request: 0.000424 seconds.
  path: Assets/LiquidFire Package 4 - BSH games/Devtoid - Gold Coins/3D Assets/Gold Coins/Textures/GoldCoins_Normal.png
  artifactKey: Guid(aeae9eae45236934284be69d210ba275) Importer(815301076,1909f56bfc062723c751e8b465ee728b)
Start importing Assets/LiquidFire Package 4 - BSH games/Devtoid - Gold Coins/3D Assets/Gold Coins/Textures/GoldCoins_Normal.png using Guid(aeae9eae45236934284be69d210ba275) Importer(815301076,1909f56bfc062723c751e8b465ee728b)  -> (artifact id: '75690c8039754cddf52c402f808ea150') in 0.049211 seconds
  Import took 0.053439 seconds .

========================================================================
Received Import Request.
  Time since last request: 0.000421 seconds.
  path: Assets/LiquidFire Package 4 - BSH games/Devtoid - Gold Coins/3D Assets/Gold Coins/Textures/GoldCoins_MetallicSmoothness.png
  artifactKey: Guid(45e76845b928140479183924cebe213f) Importer(815301076,1909f56bfc062723c751e8b465ee728b)
Start importing Assets/LiquidFire Package 4 - BSH games/Devtoid - Gold Coins/3D Assets/Gold Coins/Textures/GoldCoins_MetallicSmoothness.png using Guid(45e76845b928140479183924cebe213f) Importer(815301076,1909f56bfc062723c751e8b465ee728b)  -> (artifact id: '0c3bc30d4b1943cfd2698a82a948a0b4') in 0.039408 seconds
  Import took 0.046315 seconds .

========================================================================
Received Import Request.
  Time since last request: 8.190720 seconds.
  path: Assets/LiquidFire Package 4 - BSH games/Devtoid - Gold Coins/Documentation/ReadMe-GoldCoins.rtf
  artifactKey: Guid(880b809a11f7c8246ace311c26aedc5b) Importer(815301076,1909f56bfc062723c751e8b465ee728b)
Start importing Assets/LiquidFire Package 4 - BSH games/Devtoid - Gold Coins/Documentation/ReadMe-GoldCoins.rtf using Guid(880b809a11f7c8246ace311c26aedc5b) Importer(815301076,1909f56bfc062723c751e8b465ee728b)  -> (artifact id: '7e6a57ba86d61eda375c927862e1b093') in 0.025987 seconds
  Import took 0.030678 seconds .

========================================================================
Received Prepare
Registering precompiled user dll's ...
Registered in 0.009357 seconds.
Begin MonoManager ReloadAssembly
Native extension for WindowsStandalone target not found
Native extension for WebGL target not found
Refreshing native plugins compatible for Editor in 0.54 ms, found 2 plugins.
Preloading 0 native plugins for Editor in 0.00 ms.
Mono: successfully reloaded assembly
- Completed reload, in  2.528 seconds
Platform modules already initialized, skipping
Refreshing native plugins compatible for Editor in 0.83 ms, found 2 plugins.
Preloading 0 native plugins for Editor in 0.00 ms.
Unloading 1384 Unused Serialized files (Serialized files now loaded: 0)
System memory in use before: 68.2 MB.
System memory in use after: 68.3 MB.

Unloading 14 unused Assets to reduce memory usage. Loaded Objects now: 1872.
Total: 5.606200 ms (FindLiveObjects: 0.343200 ms CreateObjectMapping: 0.799600 ms MarkObjects: 4.348700 ms  DeleteObjects: 0.112400 ms)

========================================================================
Received Prepare
Registering precompiled user dll's ...
Registered in 0.007791 seconds.
Begin MonoManager ReloadAssembly
Native extension for WindowsStandalone target not found
Native extension for WebGL target not found
Refreshing native plugins compatible for Editor in 0.54 ms, found 2 plugins.
Preloading 0 native plugins for Editor in 0.00 ms.
Mono: successfully reloaded assembly
- Completed reload, in  2.158 seconds
Platform modules already initialized, skipping
Refreshing native plugins compatible for Editor in 0.81 ms, found 2 plugins.
Preloading 0 native plugins for Editor in 0.00 ms.
Unloading 1384 Unused Serialized files (Serialized files now loaded: 0)
System memory in use before: 68.3 MB.
System memory in use after: 68.4 MB.

Unloading 14 unused Assets to reduce memory usage. Loaded Objects now: 1875.
Total: 3.404100 ms (FindLiveObjects: 0.311600 ms CreateObjectMapping: 0.179600 ms MarkObjects: 2.809300 ms  DeleteObjects: 0.101600 ms)

AssetImportWorkerClient::OnTransportError - code=2 error=End of file
